RECORD=-42|LINENO=   0|OWNERPARTID= -42|OWNERINDEX= -42|HEADER=Protel for Windows - Schematic Capture Ascii File Version 5.0|WEIGHT=31|
RECORD=31|LINENO=   1|OWNERPARTID= -42|OWNERINDEX= -42|%UTF8%FONTNAME3=宋体|%UTF8%FONTNAME4=宋体|AREACOLOR=16317695|BORDERON=T|CUSTOMMARGINWIDTH=20|CUSTOMX=490|CUSTOMXZONES=6|CUSTOMY=400|CUSTOMYZONES=4|DISPLAY_UNIT=4|FONTIDCOUNT=4|FONTNAME1=Times New Roman|FONTNAME2=default|HOTSPOTGRIDON=T|HOTSPOTGRIDSIZE=4|ISBOC=T|SHEETNUMBERSPACESIZE=4|SHEETSTYLE=17|SIZE1=10|SIZE2=7|SIZE3=10|SIZE4=10|SNAPGRIDON=T|SNAPGRIDSIZE=10|SYSTEMFONT=1|USECUSTOMSHEET=T|USEMBCS=T|VISIBLEGRIDON=T|VISIBLEGRIDSIZE=10|
RECORD= 1|LINENO=   2|OWNERPARTID= -42|OWNERINDEX= -42|CURRENTPARTID=1|ISMIRRORED=F|LIBREFERENCE=GP8403-TC50-EW|LOCATION.X=250|LOCATION.Y=200|ORIENTATION=0|PARTCOUNT=2|SHOWHIDDENPINS=F|
RECORD=41|LINENO=   3|OWNERPARTID=   0|OWNERINDEX=   2|FONTID=2|ISHIDDEN=T|JUSTIFICATION=0|LOCATION.X=250|LOCATION.Y=200|NAME=Comment|ORIENTATION=0|SHOWNAME=F|TEXT=GP8403-TC50-EW|
RECORD=34|LINENO=   4|OWNERPARTID=   0|OWNERINDEX=   2|FONTID=2|ISHIDDEN=T|JUSTIFICATION=0|LOCATION.X=250|LOCATION.Y=200|NAME=Designator|ORIENTATION=0|SHOWNAME=F|TEXT=U?|
RECORD=41|LINENO=   5|OWNERPARTID=   0|OWNERINDEX=   2|FONTID=2|ISHIDDEN=T|JUSTIFICATION=0|LOCATION.X=250|LOCATION.Y=200|NAME=Symbol|ORIENTATION=0|SHOWNAME=F|TEXT=GP8403-TC50-EW_C3152007|
RECORD=41|LINENO=   6|OWNERPARTID=   0|OWNERINDEX=   2|FONTID=3|ISHIDDEN=T|JUSTIFICATION=0|LOCATION.X=250|LOCATION.Y=200|NAME=Device|ORIENTATION=0|SHOWNAME=F|TEXT=GP8403-TC50-EW|
RECORD=41|LINENO=   7|OWNERPARTID=   0|OWNERINDEX=   2|%UTF8%TEXT=双路0-10V (0.1%)|FONTID=2|ISHIDDEN=T|JUSTIFICATION=0|LOCATION.X=250|LOCATION.Y=200|NAME=LCSC Part Name|ORIENTATION=0|SHOWNAME=F|
RECORD=41|LINENO=   8|OWNERPARTID=   0|OWNERINDEX=   2|FONTID=2|ISHIDDEN=T|JUSTIFICATION=0|LOCATION.X=250|LOCATION.Y=200|NAME=Supplier Part|ORIENTATION=0|SHOWNAME=F|TEXT=C3152007|
RECORD=41|LINENO=   9|OWNERPARTID=   0|OWNERINDEX=   2|%UTF8%TEXT=Guestgood(客益)|FONTID=2|ISHIDDEN=T|JUSTIFICATION=0|LOCATION.X=250|LOCATION.Y=200|NAME=Manufacturer|ORIENTATION=0|SHOWNAME=F|
RECORD=41|LINENO=  10|OWNERPARTID=   0|OWNERINDEX=   2|FONTID=2|ISHIDDEN=T|JUSTIFICATION=0|LOCATION.X=250|LOCATION.Y=200|NAME=Manufacturer Part|ORIENTATION=0|SHOWNAME=F|TEXT=GP8403-TC50-EW|
RECORD=41|LINENO=  11|OWNERPARTID=   0|OWNERINDEX=   2|FONTID=2|ISHIDDEN=T|JUSTIFICATION=0|LOCATION.X=250|LOCATION.Y=200|NAME=Supplier Footprint|ORIENTATION=0|SHOWNAME=F|TEXT=ESSOP-10-150mil|
RECORD=41|LINENO=  12|OWNERPARTID=   0|OWNERINDEX=   2|FONTID=2|ISHIDDEN=T|JUSTIFICATION=0|LOCATION.X=250|LOCATION.Y=200|NAME=JLCPCB Part Class|ORIENTATION=0|SHOWNAME=F|TEXT=Extended Part|
RECORD=41|LINENO=  13|OWNERPARTID=   0|OWNERINDEX=   2|FONTID=2|ISHIDDEN=T|JUSTIFICATION=0|LOCATION.X=250|LOCATION.Y=200|NAME=Datasheet|ORIENTATION=0|SHOWNAME=F|TEXT=https://atta.szlcsc.com/upload/public/pdf/source/20230324/119C3D24177D38ACF0484191557FF3D8.pdf|
RECORD=41|LINENO=  14|OWNERPARTID=   0|OWNERINDEX=   2|FONTID=2|ISHIDDEN=T|JUSTIFICATION=0|LOCATION.X=250|LOCATION.Y=200|NAME=Supplier|ORIENTATION=0|SHOWNAME=F|TEXT=LCSC|
RECORD=41|LINENO=  15|OWNERPARTID=   0|OWNERINDEX=   2|FONTID=2|ISHIDDEN=T|JUSTIFICATION=0|LOCATION.X=250|LOCATION.Y=200|NAME=Add into BOM|ORIENTATION=0|SHOWNAME=F|TEXT=yes|
RECORD=41|LINENO=  16|OWNERPARTID=   0|OWNERINDEX=   2|FONTID=2|ISHIDDEN=T|JUSTIFICATION=0|LOCATION.X=250|LOCATION.Y=200|NAME=Convert to PCB|ORIENTATION=0|SHOWNAME=F|TEXT=yes|
RECORD=10|LINENO=  17|OWNERPARTID=   2|OWNERINDEX=   2|CORNER.X=285|CORNER.Y=230|CORNERXRADIUS=0|CORNERYRADIUS=0|LINESTYLE=0|LINEWIDTH=1|LOCATION.X=215|LOCATION.Y=170|TRANSPARENT=F|
RECORD=12|LINENO=  18|OWNERPARTID=   2|OWNERINDEX=   2|ENDANGLE=360|LINESTYLE=0|LINEWIDTH=1|LOCATION.X=220|LOCATION.Y=225|RADIUS=1|RADIUS_FRAC=50000|SECONDARYRADIUS=1|SECONDARYRADIUS_FRAC=50000|STARTANGLE=0|
RECORD= 2|LINENO=  19|OWNERPARTID=   2|OWNERINDEX=   2|DESIGNATOR=1|DESIGNATOR_CUSTOMFONTID=4|ELECTRICAL=4|LOCATION.X=215|LOCATION.Y=220|NAME=SCLK|NAME_CUSTOMFONTID=4|PINCONGLOMERATE=58|PINDESIGNATOR_POSITIONCONGLOMERATE=16|PINLENGTH=10|PINNAME_POSITIONCONGLOMERATE=16|
RECORD= 2|LINENO=  20|OWNERPARTID=   2|OWNERINDEX=   2|DESIGNATOR=2|DESIGNATOR_CUSTOMFONTID=4|ELECTRICAL=4|LOCATION.X=215|LOCATION.Y=210|NAME=SDA|NAME_CUSTOMFONTID=4|PINCONGLOMERATE=58|PINDESIGNATOR_POSITIONCONGLOMERATE=16|PINLENGTH=10|PINNAME_POSITIONCONGLOMERATE=16|
RECORD= 2|LINENO=  21|OWNERPARTID=   2|OWNERINDEX=   2|DESIGNATOR=3|DESIGNATOR_CUSTOMFONTID=4|ELECTRICAL=4|LOCATION.X=215|LOCATION.Y=200|NAME=A0|NAME_CUSTOMFONTID=4|PINCONGLOMERATE=58|PINDESIGNATOR_POSITIONCONGLOMERATE=16|PINLENGTH=10|PINNAME_POSITIONCONGLOMERATE=16|
RECORD= 2|LINENO=  22|OWNERPARTID=   2|OWNERINDEX=   2|DESIGNATOR=4|DESIGNATOR_CUSTOMFONTID=4|ELECTRICAL=4|LOCATION.X=215|LOCATION.Y=190|NAME=A1|NAME_CUSTOMFONTID=4|PINCONGLOMERATE=58|PINDESIGNATOR_POSITIONCONGLOMERATE=16|PINLENGTH=10|PINNAME_POSITIONCONGLOMERATE=16|
RECORD= 2|LINENO=  23|OWNERPARTID=   2|OWNERINDEX=   2|DESIGNATOR=5|DESIGNATOR_CUSTOMFONTID=4|ELECTRICAL=4|LOCATION.X=215|LOCATION.Y=180|NAME=VCC|NAME_CUSTOMFONTID=4|PINCONGLOMERATE=58|PINDESIGNATOR_POSITIONCONGLOMERATE=16|PINLENGTH=10|PINNAME_POSITIONCONGLOMERATE=16|
RECORD= 2|LINENO=  24|OWNERPARTID=   2|OWNERINDEX=   2|DESIGNATOR=6|DESIGNATOR_CUSTOMFONTID=4|ELECTRICAL=4|LOCATION.X=285|LOCATION.Y=180|NAME=GND|NAME_CUSTOMFONTID=4|PINCONGLOMERATE=56|PINDESIGNATOR_POSITIONCONGLOMERATE=16|PINLENGTH=10|PINNAME_POSITIONCONGLOMERATE=16|
RECORD= 2|LINENO=  25|OWNERPARTID=   2|OWNERINDEX=   2|DESIGNATOR=7|DESIGNATOR_CUSTOMFONTID=4|ELECTRICAL=4|LOCATION.X=285|LOCATION.Y=190|NAME=VOUT1|NAME_CUSTOMFONTID=4|PINCONGLOMERATE=56|PINDESIGNATOR_POSITIONCONGLOMERATE=16|PINLENGTH=10|PINNAME_POSITIONCONGLOMERATE=16|
RECORD= 2|LINENO=  26|OWNERPARTID=   2|OWNERINDEX=   2|DESIGNATOR=8|DESIGNATOR_CUSTOMFONTID=4|ELECTRICAL=4|LOCATION.X=285|LOCATION.Y=200|NAME=VOUT0|NAME_CUSTOMFONTID=4|PINCONGLOMERATE=56|PINDESIGNATOR_POSITIONCONGLOMERATE=16|PINLENGTH=10|PINNAME_POSITIONCONGLOMERATE=16|
RECORD= 2|LINENO=  27|OWNERPARTID=   2|OWNERINDEX=   2|DESIGNATOR=9|DESIGNATOR_CUSTOMFONTID=4|ELECTRICAL=4|LOCATION.X=285|LOCATION.Y=210|NAME=A2|NAME_CUSTOMFONTID=4|PINCONGLOMERATE=56|PINDESIGNATOR_POSITIONCONGLOMERATE=16|PINLENGTH=10|PINNAME_POSITIONCONGLOMERATE=16|
RECORD= 2|LINENO=  28|OWNERPARTID=   2|OWNERINDEX=   2|DESIGNATOR=10|DESIGNATOR_CUSTOMFONTID=4|ELECTRICAL=4|LOCATION.X=285|LOCATION.Y=220|NAME=V5V|NAME_CUSTOMFONTID=4|PINCONGLOMERATE=56|PINDESIGNATOR_POSITIONCONGLOMERATE=16|PINLENGTH=10|PINNAME_POSITIONCONGLOMERATE=16|
RECORD=44|LINENO=  29|OWNERPARTID= -42|OWNERINDEX=   2|
RECORD=45|LINENO=  30|OWNERPARTID= -42|OWNERINDEX=  29|DESCRIPTION=|ISCURRENT=T|MODELNAME=ESSOP-10_L4.9-W3.9-P1.00-LS6.0-BL-EP|MODELTYPE=PCBLIB|
RECORD=45|LINENO=  31|OWNERPARTID= -42|OWNERINDEX=  29|DESCRIPTION=|ISCURRENT=T|MODELNAME=ESSOP-10_L4.9-W3.9-P1.00-LS6.0-BL-EP|MODELTYPE=PCB3DLib|
RECORD=-42|LINENO=  32|OWNERPARTID= -42|OWNERINDEX= -42|HEADER=Icon storage|
RECORD=-42|LINENO=  33|OWNERPARTID= -42|OWNERINDEX= -42|HEADER=Protel for Windows - Schematic Capture Ascii File Version 5.0|
