RECORD=-42|LINENO=   0|OWNERPARTID= -42|OWNERINDEX= -42|HEADER=Protel for Windows - Schematic Capture Ascii File Version 5.0|WEIGHT=26|
RECORD=31|LINENO=   1|OWNERPARTID= -42|OWNERINDEX= -42|AREACOLOR=16317695|BORDERON=T|CUSTOMMARGINWIDTH=20|CUSTOMX=201|CUSTOMXZONES=6|CUSTOMX_FRAC=50010|CUSTOMY=158|CUSTOMYZONES=4|CUSTOMY_FRAC=80560|DISPLAY_UNIT=4|FONTIDCOUNT=3|FONTNAME1=Verdana|FONTNAME2=Arial|FONTNAME3=Verdana|HOTSPOTGRIDON=T|HOTSPOTGRIDSIZE=4|ISBOC=T|SHEETNUMBERSPACESIZE=4|SHEETSTYLE=17|SIZE1=9|SIZE2=9|SIZE3=9|SNAPGRIDON=T|SNAPGRIDSIZE=10|SYSTEMFONT=1|USECUSTOMSHEET=T|USEMBCS=T|VISIBLEGRIDON=T|VISIBLEGRIDSIZE=10|
RECORD= 1|LINENO=   2|OWNERPARTID= -42|OWNERINDEX= -42|CURRENTPARTID=1|DISPLAYMODE=ESSOP-10_L4.9-W3.9-P1.00-LS6.0-BL-EP|ISMIRRORED=F|LIBREFERENCE=GP8403-TC50-EW_C3152007|LOCATION.X=85|LOCATION.X_FRAC=00010|LOCATION.Y=70|ORIENTATION=0|PARTIDLOCKED=F|SHOWHIDDENPINS=F|TARGETFILENAME=*|UNIQUEID=ggef366739931a9ca57|
RECORD=41|LINENO=   3|OWNERPARTID=   0|OWNERINDEX=   2|FONTID=1|ISHIDDEN=T|JUSTIFICATION=0|LOCATION.X=85|LOCATION.X_FRAC=00010|LOCATION.Y=70|NAME=Contributor|ORIENTATION=0|SHOWNAME=F|TEXT=lcsc|
RECORD=41|LINENO=   4|OWNERPARTID=   0|OWNERINDEX=   2|FONTID=1|ISHIDDEN=T|JUSTIFICATION=0|LOCATION.X=85|LOCATION.X_FRAC=00010|LOCATION.Y=70|NAME=Supplier|ORIENTATION=0|SHOWNAME=F|TEXT=LCSC|
RECORD=41|LINENO=   5|OWNERPARTID=   0|OWNERINDEX=   2|FONTID=1|ISHIDDEN=T|JUSTIFICATION=0|LOCATION.X=85|LOCATION.X_FRAC=00010|LOCATION.Y=70|NAME=Supplier Part|ORIENTATION=0|SHOWNAME=F|TEXT=C3152007|
RECORD=41|LINENO=   6|OWNERPARTID=   0|OWNERINDEX=   2|%UTF8%TEXT=Guestgood(客益)|FONTID=1|ISHIDDEN=T|JUSTIFICATION=0|LOCATION.X=85|LOCATION.X_FRAC=00010|LOCATION.Y=70|NAME=Manufacturer|ORIENTATION=0|SHOWNAME=F|
RECORD=41|LINENO=   7|OWNERPARTID=   0|OWNERINDEX=   2|FONTID=1|ISHIDDEN=T|JUSTIFICATION=0|LOCATION.X=85|LOCATION.X_FRAC=00010|LOCATION.Y=70|NAME=Manufacturer Part|ORIENTATION=0|SHOWNAME=F|TEXT=GP8403-TC50-EW|
RECORD=41|LINENO=   8|OWNERPARTID=   0|OWNERINDEX=   2|FONTID=1|ISHIDDEN=T|JUSTIFICATION=0|LOCATION.X=85|LOCATION.X_FRAC=00010|LOCATION.Y=70|NAME=JLCPCB Part Class|ORIENTATION=0|SHOWNAME=F|TEXT=Extended Part|
RECORD=41|LINENO=   9|OWNERPARTID=   0|OWNERINDEX=   2|FONTID=1|ISHIDDEN=T|JUSTIFICATION=0|LOCATION.X=85|LOCATION.X_FRAC=00010|LOCATION.Y=70|NAME=spicePre|ORIENTATION=0|SHOWNAME=F|TEXT=U|
RECORD=41|LINENO=  10|OWNERPARTID=   0|OWNERINDEX=   2|FONTID=1|ISHIDDEN=T|JUSTIFICATION=0|LOCATION.X=85|LOCATION.X_FRAC=00010|LOCATION.Y=70|NAME=spiceSymbolName|ORIENTATION=0|SHOWNAME=F|TEXT=GP8403-TC50-EW_C3152007|
RECORD=34|LINENO=  11|OWNERPARTID=   0|OWNERINDEX=   2|FONTID=2|ISHIDDEN=F|JUSTIFICATION=0|LOCATION.X=79|LOCATION.X_FRAC=03130|LOCATION.Y=109|LOCATION.Y_FRAC=08330|NAME=Designator|ORIENTATION=0|SHOWNAME=F|TEXT=U1|
RECORD=41|LINENO=  12|OWNERPARTID=   0|OWNERINDEX=   2|FONTID=2|ISHIDDEN=F|JUSTIFICATION=0|LOCATION.X=79|LOCATION.X_FRAC=03130|LOCATION.Y=100|LOCATION.Y_FRAC=08330|NAME=Comment|ORIENTATION=0|SHOWNAME=F|TEXT=GP8403-TC50-EW_C3152007|
RECORD=10|LINENO=  13|OWNERPARTID=   2|OWNERINDEX=   2|CORNER.X=120|CORNER.Y=40|CORNERXRADIUS=2|CORNERYRADIUS=2|LINEWIDTH=1|LOCATION.X=50|LOCATION.Y=100|OWNERPARTDISPLAYMODE=0|
RECORD= 8|LINENO=  14|OWNERPARTID=   2|OWNERINDEX=   2|AREACOLOR=136|ISSOLID=T|LINEWIDTH=1|LOCATION.X=55|LOCATION.Y=95|OWNERPARTDISPLAYMODE=0|RADIUS=1|RADIUS_FRAC=50000|SECONDARYRADIUS=1|SECONDARYRADIUS_FRAC=50000|TRANSPARENT=F|
RECORD= 2|LINENO=  15|OWNERPARTID=   2|OWNERINDEX=   2|DESIGNATOR=1|ELECTRICAL=4|FONTID=3|LOCATION.X=50|LOCATION.Y=90|NAME=SCLK|OWNERPARTDISPLAYMODE=0|PINCONGLOMERATE=58|PINLENGTH=10|SYMBOL_INNER=0|SYMBOL_INNEREDGE=0|SYMBOL_OUTER=0|SYMBOL_OUTEREDGE=0|
RECORD= 2|LINENO=  16|OWNERPARTID=   2|OWNERINDEX=   2|DESIGNATOR=2|ELECTRICAL=4|FONTID=3|LOCATION.X=50|LOCATION.Y=80|NAME=SDA|OWNERPARTDISPLAYMODE=0|PINCONGLOMERATE=58|PINLENGTH=10|SYMBOL_INNER=0|SYMBOL_INNEREDGE=0|SYMBOL_OUTER=0|SYMBOL_OUTEREDGE=0|
RECORD= 2|LINENO=  17|OWNERPARTID=   2|OWNERINDEX=   2|DESIGNATOR=3|ELECTRICAL=4|FONTID=3|LOCATION.X=50|LOCATION.Y=70|NAME=A0|OWNERPARTDISPLAYMODE=0|PINCONGLOMERATE=58|PINLENGTH=10|SYMBOL_INNER=0|SYMBOL_INNEREDGE=0|SYMBOL_OUTER=0|SYMBOL_OUTEREDGE=0|
RECORD= 2|LINENO=  18|OWNERPARTID=   2|OWNERINDEX=   2|DESIGNATOR=4|ELECTRICAL=4|FONTID=3|LOCATION.X=50|LOCATION.Y=60|NAME=A1|OWNERPARTDISPLAYMODE=0|PINCONGLOMERATE=58|PINLENGTH=10|SYMBOL_INNER=0|SYMBOL_INNEREDGE=0|SYMBOL_OUTER=0|SYMBOL_OUTEREDGE=0|
RECORD= 2|LINENO=  19|OWNERPARTID=   2|OWNERINDEX=   2|DESIGNATOR=5|ELECTRICAL=4|FONTID=3|LOCATION.X=50|LOCATION.Y=50|NAME=VCC|OWNERPARTDISPLAYMODE=0|PINCONGLOMERATE=58|PINLENGTH=10|SYMBOL_INNER=0|SYMBOL_INNEREDGE=0|SYMBOL_OUTER=0|SYMBOL_OUTEREDGE=0|
RECORD= 2|LINENO=  20|OWNERPARTID=   2|OWNERINDEX=   2|DESIGNATOR=6|ELECTRICAL=4|FONTID=3|LOCATION.X=120|LOCATION.Y=50|NAME=GND|OWNERPARTDISPLAYMODE=0|PINCONGLOMERATE=56|PINLENGTH=10|SYMBOL_INNER=0|SYMBOL_INNEREDGE=0|SYMBOL_OUTER=0|SYMBOL_OUTEREDGE=0|
RECORD= 2|LINENO=  21|OWNERPARTID=   2|OWNERINDEX=   2|DESIGNATOR=7|ELECTRICAL=4|FONTID=3|LOCATION.X=120|LOCATION.Y=60|NAME=VOUT1|OWNERPARTDISPLAYMODE=0|PINCONGLOMERATE=56|PINLENGTH=10|SYMBOL_INNER=0|SYMBOL_INNEREDGE=0|SYMBOL_OUTER=0|SYMBOL_OUTEREDGE=0|
RECORD= 2|LINENO=  22|OWNERPARTID=   2|OWNERINDEX=   2|DESIGNATOR=8|ELECTRICAL=4|FONTID=3|LOCATION.X=120|LOCATION.Y=70|NAME=VOUT0|OWNERPARTDISPLAYMODE=0|PINCONGLOMERATE=56|PINLENGTH=10|SYMBOL_INNER=0|SYMBOL_INNEREDGE=0|SYMBOL_OUTER=0|SYMBOL_OUTEREDGE=0|
RECORD= 2|LINENO=  23|OWNERPARTID=   2|OWNERINDEX=   2|DESIGNATOR=9|ELECTRICAL=4|FONTID=3|LOCATION.X=120|LOCATION.Y=80|NAME=A2|OWNERPARTDISPLAYMODE=0|PINCONGLOMERATE=56|PINLENGTH=10|SYMBOL_INNER=0|SYMBOL_INNEREDGE=0|SYMBOL_OUTER=0|SYMBOL_OUTEREDGE=0|
RECORD= 2|LINENO=  24|OWNERPARTID=   2|OWNERINDEX=   2|DESIGNATOR=10|ELECTRICAL=4|FONTID=3|LOCATION.X=120|LOCATION.Y=90|NAME=V5V|OWNERPARTDISPLAYMODE=0|PINCONGLOMERATE=56|PINLENGTH=10|SYMBOL_INNER=0|SYMBOL_INNEREDGE=0|SYMBOL_OUTER=0|SYMBOL_OUTEREDGE=0|
RECORD=44|LINENO=  25|OWNERPARTID= -42|OWNERINDEX=   2|
RECORD=45|LINENO=  26|OWNERPARTID= -42|OWNERINDEX=  25|DESCRIPTION=|MODELNAME=ESSOP-10_L4.9-W3.9-P1.00-LS6.0-BL-EP|MODELTYPE=PCBLIB|
RECORD=-42|LINENO=  27|OWNERPARTID= -42|OWNERINDEX= -42|HEADER=Icon storage|
RECORD=-42|LINENO=  28|OWNERPARTID= -42|OWNERINDEX= -42|HEADER=Protel for Windows - Schematic Capture Ascii File Version 5.0|
